<?xml version="1.0" encoding="UTF-8"?>
<!-- Generated by org.testng.reporters.JUnitXMLReporter -->
<testsuite hostname="DESKTOP-8933E9J" ignored="0" name="Test" tests="5" failures="0" timestamp="2022-05-12T13:54:20 MESZ" time="11.232" errors="0">
  <testcase name="InvalidMAC" time="3.716" classname="qamacmon.MavenJavaProject.SeleniumTest"/>
  <testcase name="InvalidMAC" time="1.844" classname="qamacmon.MavenJavaProject.SeleniumTest"/>
  <testcase name="ValidMAC" time="1.9" classname="qamacmon.MavenJavaProject.SeleniumTest"/>
  <testcase name="ValidMAC" time="1.861" classname="qamacmon.MavenJavaProject.SeleniumTest"/>
  <testcase name="ValidMAC" time="1.846" classname="qamacmon.MavenJavaProject.SeleniumTest"/>
</testsuite> <!-- Test -->
